<?xml version="1.0" encoding="UTF-8"?>
<!-- Generated by org.testng.reporters.JUnitXMLReporter -->
<testsuite ignored="6" hostname="DESKTOP-ICHT2I3" failures="0" tests="1" name="Command line test" time="16.553" errors="0" timestamp="23 Apr 2021 20:11:27 GMT">
  <testcase classname="com.qa.TestPages.HomePageTest" name="validateHomePageTitleTest" time="3.027"/>
  <testcase classname="com.qa.TestPages.HomePageTest" name="validateLogoTest" time="0.0">
    <ignored/>
  </testcase> <!-- validateLogoTest -->
  <testcase classname="com.qa.TestPages.HomePageTest" name="clickOnNewsPageTest" time="0.0">
    <ignored/>
  </testcase> <!-- clickOnNewsPageTest -->
  <testcase classname="com.qa.TestPages.HomePageTest" name="clickOnHealthInsurancePageTest" time="0.0">
    <ignored/>
  </testcase> <!-- clickOnHealthInsurancePageTest -->
  <testcase classname="com.qa.TestPages.HomePageTest" name="clickOnLifeInsurancePageTest" time="0.0">
    <ignored/>
  </testcase> <!-- clickOnLifeInsurancePageTest -->
  <testcase classname="com.qa.TestPages.HomePageTest" name="clickOnCarInsurancePageTest" time="0.0">
    <ignored/>
  </testcase> <!-- clickOnCarInsurancePageTest -->
  <testcase classname="com.qa.TestPages.HomePageTest" name="clickOnTwoWheelerInsurancePageTest" time="0.0">
    <ignored/>
  </testcase> <!-- clickOnTwoWheelerInsurancePageTest -->
</testsuite> <!-- Command line test -->
