<?xml version="1.0" encoding="UTF-8"?>
<!-- Generated by org.testng.reporters.JUnitXMLReporter -->
<testsuite ignored="0" hostname="DESKTOP-ICHT2I3" failures="0" tests="7" name="InsuranceDekhoTestSuite" time="112.978" errors="0" timestamp="23 Apr 2021 19:11:34 GMT">
  <testcase classname="com.qa.TestPages.HomePageTest" name="validateHomePageTitleTest" time="3.033"/>
  <testcase classname="com.qa.TestPages.HomePageTest" name="clickOnCarInsurancePageTest" time="3.895"/>
  <testcase classname="com.qa.TestPages.HomePageTest" name="clickOnHealthInsurancePageTest" time="3.187"/>
  <testcase classname="com.qa.TestPages.HomePageTest" name="clickOnLifeInsurancePageTest" time="3.168"/>
  <testcase classname="com.qa.TestPages.HomePageTest" name="clickOnTwoWheelerInsurancePageTest" time="3.15"/>
  <testcase classname="com.qa.TestPages.HomePageTest" name="clickOnNewsPageTest" time="3.141"/>
  <testcase classname="com.qa.TestPages.HomePageTest" name="validateLogoTest" time="3.183"/>
</testsuite> <!-- InsuranceDekhoTestSuite -->
