<?xml version="1.0" encoding="UTF-8"?>
<testng-results ignored="6" total="7" passed="1" failed="0" skipped="0">
  <reporter-output>
  </reporter-output>
  <suite started-at="2021-04-23T20:11:10Z" name="com.qa.TestPages.HomePageTest" finished-at="2021-04-23T20:11:27Z" duration-ms="16553">
    <groups>
    </groups>
    <test started-at="2021-04-23T20:11:10Z" name="Command line test" finished-at="2021-04-23T20:11:27Z" duration-ms="16553">
      <class name="com.qa.TestPages.HomePageTest">
        <test-method is-config="true" signature="setUP()[pri:0, instance:com.qa.TestPages.HomePageTest@63355449]" started-at="2021-04-23T13:11:10Z" name="setUP" finished-at="2021-04-23T13:11:23Z" duration-ms="12579" status="PASS">
          <reporter-output>
          </reporter-output>
        </test-method> <!-- setUP -->
        <test-method signature="validateHomePageTitleTest()[pri:1, instance:com.qa.TestPages.HomePageTest@63355449]" started-at="2021-04-23T13:11:23Z" name="validateHomePageTitleTest" finished-at="2021-04-23T13:11:26Z" duration-ms="3027" status="PASS">
          <reporter-output>
          </reporter-output>
        </test-method> <!-- validateHomePageTitleTest -->
        <test-method is-config="true" signature="TearDown()[pri:0, instance:com.qa.TestPages.HomePageTest@63355449]" started-at="2021-04-23T13:11:26Z" name="TearDown" finished-at="2021-04-23T13:11:27Z" duration-ms="927" status="PASS">
          <reporter-output>
          </reporter-output>
        </test-method> <!-- TearDown -->
      </class> <!-- com.qa.TestPages.HomePageTest -->
    </test> <!-- Command line test -->
  </suite> <!-- com.qa.TestPages.HomePageTest -->
</testng-results>
