<?xml version="1.0" encoding="UTF-8"?>
<testng-results ignored="6" total="7" passed="1" failed="0" skipped="0">
  <reporter-output>
  </reporter-output>
  <suite started-at="2021-04-23T19:38:52Z" name="Default suite" finished-at="2021-04-23T19:39:05Z" duration-ms="12814">
    <groups>
    </groups>
    <test started-at="2021-04-23T19:38:52Z" name="Default test" finished-at="2021-04-23T19:39:05Z" duration-ms="12814">
      <class name="com.qa.TestPages.HomePageTest">
        <test-method is-config="true" signature="setUP()[pri:0, instance:com.qa.TestPages.HomePageTest@7d3e8655]" started-at="2021-04-23T12:38:52Z" name="setUP" finished-at="2021-04-23T12:39:01Z" duration-ms="9053" status="PASS">
          <reporter-output>
          </reporter-output>
        </test-method> <!-- setUP -->
        <test-method signature="validateHomePageTitleTest()[pri:1, instance:com.qa.TestPages.HomePageTest@7d3e8655]" started-at="2021-04-23T12:39:01Z" name="validateHomePageTitleTest" finished-at="2021-04-23T12:39:04Z" duration-ms="3038" status="PASS">
          <reporter-output>
          </reporter-output>
        </test-method> <!-- validateHomePageTitleTest -->
        <test-method is-config="true" signature="TearDown()[pri:0, instance:com.qa.TestPages.HomePageTest@7d3e8655]" started-at="2021-04-23T12:39:04Z" name="TearDown" finished-at="2021-04-23T12:39:05Z" duration-ms="695" status="PASS">
          <reporter-output>
          </reporter-output>
        </test-method> <!-- TearDown -->
      </class> <!-- com.qa.TestPages.HomePageTest -->
    </test> <!-- Default test -->
  </suite> <!-- Default suite -->
</testng-results>
